Changed database context to 'Demo'.
OBJECT_ID   name                                                                                                                             name                                                                                                                             max_length system_type_id user_type_id is_nullable
----------- -------------------------------------------------------------------------------------------------------------------------------- -------------------------------------------------------------------------------------------------------------------------------- ---------- -------------- ------------ -----------
 1045578763 Id                                                                                                                               int                                                                                                                                       4             56           56           0
 1045578763 FirstName                                                                                                                        nvarchar                                                                                                                                 20            231          231           0
 1045578763 LastName                                                                                                                         nvarchar                                                                                                                                 20            231          231           0
 1045578763 Address                                                                                                                          nvarchar                                                                                                                                100            231          231           0
 1045578763 CreateDate                                                                                                                       date                                                                                                                                      3             40           40           0
 1045578763 UpdateDate                                                                                                                       date                                                                                                                                      3             40           40           1

(6 rows affected)
New Column Email has been added!
New column SSN has been added!
OBJECT_ID   name                                                                                                                             name                                                                                                                             max_length system_type_id user_type_id is_nullable
----------- -------------------------------------------------------------------------------------------------------------------------------- -------------------------------------------------------------------------------------------------------------------------------- ---------- -------------- ------------ -----------
 1045578763 Id                                                                                                                               int                                                                                                                                       4             56           56           0
 1045578763 FirstName                                                                                                                        nvarchar                                                                                                                                 20            231          231           0
 1045578763 LastName                                                                                                                         nvarchar                                                                                                                                 20            231          231           0
 1045578763 Address                                                                                                                          nvarchar                                                                                                                                100            231          231           0
 1045578763 CreateDate                                                                                                                       date                                                                                                                                      3             40           40           0
 1045578763 UpdateDate                                                                                                                       date                                                                                                                                      3             40           40           1
 1045578763 Email                                                                                                                            nvarchar                                                                                                                                100            231          231           1
 1045578763 SSN                                                                                                                              nvarchar                                                                                                                                 40            231          231           1

(8 rows affected)
                         
-------------------------
Committing Transaction...

(1 rows affected)
OBJECT_ID   name                                                                                                                             name                                                                                                                             max_length system_type_id user_type_id is_nullable
----------- -------------------------------------------------------------------------------------------------------------------------------- -------------------------------------------------------------------------------------------------------------------------------- ---------- -------------- ------------ -----------
 1045578763 Id                                                                                                                               int                                                                                                                                       4             56           56           0
 1045578763 FirstName                                                                                                                        nvarchar                                                                                                                                 20            231          231           0
 1045578763 LastName                                                                                                                         nvarchar                                                                                                                                 20            231          231           0
 1045578763 Address                                                                                                                          nvarchar                                                                                                                                100            231          231           0
 1045578763 CreateDate                                                                                                                       date                                                                                                                                      3             40           40           0
 1045578763 UpdateDate                                                                                                                       date                                                                                                                                      3             40           40           1
 1045578763 Email                                                                                                                            nvarchar                                                                                                                                100            231          231           1
 1045578763 SSN                                                                                                                              nvarchar                                                                                                                                 40            231          231           1

(8 rows affected)
